[2016-07-18 14:33:08]	13 - Weedle       	(40.7711247422, -73.973315012)
[2016-07-18 14:33:08]	127 - Pinsir       	(40.7710628397, -73.9745088108)
[2016-07-18 14:33:08]	16 - Pidgey       	(40.768589126, -73.9723048688)
[2016-07-18 14:33:08]	19 - Rattata       	(40.7697727029, -73.9724885316)
[2016-07-18 14:33:08]	13 - Weedle       	(40.7700064189, -73.9735905047)
[2016-07-18 14:33:08]	11 - Metapod       	(40.7699173151, -73.9740496583)
[2016-07-18 14:33:08]	127 - Pinsir       	(40.768721796, -73.9743251499)
[2016-07-18 14:33:08]	16 - Pidgey       	(40.7694423812, -73.9745088108)
[2016-07-18 14:33:08]	133 - Eevee       	(40.7699531251, -73.9726721942)
[2016-07-18 14:33:08]	118 - Goldeen       	(40.7704768708, -73.9709273922)
[2016-07-18 14:33:08]	84 - Doduo       	(40.7706703411, -73.9712028883)
[2016-07-18 14:33:08]	29 - Nidoran F       	(40.7702986908, -73.971845711)
[2016-07-18 14:33:30]	48 - Venonat       	(40.7727190556, -73.97313135)
[2016-07-18 14:33:30]	13 - Weedle       	(40.7720853596, -73.9713865522)
[2016-07-18 14:33:30]	13 - Weedle       	(40.7711247422, -73.973315012)
[2016-07-18 14:33:54]	16 - Pidgey       	(40.7727637216, -73.9761617508)
[2016-07-18 14:33:54]	127 - Pinsir       	(40.7710628397, -73.9745088108)
[2016-07-18 14:33:54]	127 - Pinsir       	(40.7734092878, -73.9774473609)
[2016-07-18 14:33:54]	72 - Tentacool       	(40.7717747471, -73.9768045569)
[2016-07-18 14:33:54]	19 - Rattata       	(40.7714269653, -73.9765290688)
[2016-07-18 14:34:20]	16 - Pidgey       	(40.7708205061, -73.9755189425)
[2016-07-18 14:34:20]	29 - Nidoran F       	(40.771053095, -73.9760699211)
[2016-07-18 14:34:20]	127 - Pinsir       	(40.7710628397, -73.9745088108)
[2016-07-18 14:34:20]	11 - Metapod       	(40.7699173151, -73.9740496583)
[2016-07-18 14:34:20]	127 - Pinsir       	(40.768721796, -73.9743251499)
[2016-07-18 14:34:20]	127 - Pinsir       	(40.7691087285, -73.974876132)
[2016-07-18 14:34:20]	16 - Pidgey       	(40.7694423812, -73.9745088108)
[2016-07-18 14:34:20]	54 - Psyduck       	(40.7688402897, -73.9757026022)
[2016-07-18 14:34:42]	16 - Pidgey       	(40.7705585726, -73.979651244)
[2016-07-18 14:34:42]	127 - Pinsir       	(40.769681513, -73.9783656486)
[2016-07-18 14:34:42]	19 - Rattata       	(40.7709672446, -73.9781819914)
[2016-07-18 14:34:42]	19 - Rattata       	(40.7713791488, -73.9783656486)
[2016-07-18 14:34:42]	48 - Venonat       	(40.7696325787, -73.979651244)
[2016-07-18 14:35:06]	127 - Pinsir       	(40.772574638, -73.9780901628)
[2016-07-18 14:35:06]	127 - Pinsir       	(40.7734092878, -73.9774473609)
[2016-07-18 14:35:06]	10 - Caterpie       	(40.7740037556, -73.9789166191)
[2016-07-18 14:35:29]	133 - Eevee       	(40.7725430487, -73.981671448)
[2016-07-18 14:38:53]	13 - Weedle       	(40.7711247422, -73.973315012)
[2016-07-18 14:38:53]	127 - Pinsir       	(40.7710628397, -73.9745088108)
[2016-07-18 14:38:53]	84 - Doduo       	(40.7689335801, -73.9709273922)
[2016-07-18 14:38:53]	19 - Rattata       	(40.7697727029, -73.9724885316)
[2016-07-18 14:38:53]	32 - Nidoran M       	(40.7692336578, -73.9730395189)
[2016-07-18 14:38:53]	29 - Nidoran F       	(40.7698770717, -73.973223181)
[2016-07-18 14:38:53]	21 - Spearow       	(40.7697868609, -73.97313135)
[2016-07-18 14:38:53]	13 - Weedle       	(40.7700064189, -73.9735905047)
[2016-07-18 14:38:53]	127 - Pinsir       	(40.768721796, -73.9743251499)
[2016-07-18 14:38:53]	16 - Pidgey       	(40.7694423812, -73.9745088108)
[2016-07-18 14:38:53]	118 - Goldeen       	(40.7704768708, -73.9709273922)
[2016-07-18 14:38:53]	84 - Doduo       	(40.7706703411, -73.9712028883)
[2016-07-18 14:38:53]	21 - Spearow       	(40.770877977, -73.9721212058)
[2016-07-18 14:39:17]	48 - Venonat       	(40.7727190556, -73.97313135)
[2016-07-18 14:39:17]	21 - Spearow       	(40.770877977, -73.9721212058)
[2016-07-18 14:39:17]	13 - Weedle       	(40.7711247422, -73.973315012)
[2016-07-18 14:39:40]	127 - Pinsir       	(40.7727626223, -73.9756107724)
[2016-07-18 14:39:40]	16 - Pidgey       	(40.7727637216, -73.9761617508)
[2016-07-18 14:39:40]	127 - Pinsir       	(40.7710628397, -73.9745088108)
[2016-07-18 14:39:40]	127 - Pinsir       	(40.7739483199, -73.9768963862)
[2016-07-18 14:39:40]	127 - Pinsir       	(40.7738711594, -73.9768963862)
[2016-07-18 14:39:40]	127 - Pinsir       	(40.7734092878, -73.9774473609)
[2016-07-18 14:39:40]	72 - Tentacool       	(40.7717747471, -73.9768045569)
[2016-07-18 14:40:02]	16 - Pidgey       	(40.7708205061, -73.9755189425)
[2016-07-18 14:40:02]	29 - Nidoran F       	(40.771053095, -73.9760699211)
[2016-07-18 14:40:02]	127 - Pinsir       	(40.7710628397, -73.9745088108)
[2016-07-18 14:40:02]	127 - Pinsir       	(40.768721796, -73.9743251499)
[2016-07-18 14:40:02]	127 - Pinsir       	(40.7689946232, -73.9757026022)
[2016-07-18 14:40:02]	16 - Pidgey       	(40.7694423812, -73.9745088108)
[2016-07-18 14:40:02]	54 - Psyduck       	(40.7688402897, -73.9757026022)
[2016-07-18 14:40:27]	127 - Pinsir       	(40.769681513, -73.9783656486)
[2016-07-18 14:40:27]	19 - Rattata       	(40.7709672446, -73.9781819914)
[2016-07-18 14:40:27]	127 - Pinsir       	(40.7698999707, -73.97827382)
[2016-07-18 14:40:27]	19 - Rattata       	(40.7713791488, -73.9783656486)
[2016-07-18 14:40:27]	16 - Pidgey       	(40.7693456829, -73.9776310188)
[2016-07-18 14:40:27]	48 - Venonat       	(40.7696325787, -73.979651244)
[2016-07-18 14:40:27]	16 - Pidgey       	(40.7714432718, -73.97827382)
[2016-07-18 14:40:27]	127 - Pinsir       	(40.7711074471, -73.9775391899)
[2016-07-18 14:40:27]	127 - Pinsir       	(40.7715845584, -73.9781819914)
[2016-07-18 14:40:50]	16 - Pidgey       	(40.772445309, -73.9777228477)
[2016-07-18 14:40:50]	127 - Pinsir       	(40.7726648418, -73.9781819914)
[2016-07-18 14:40:50]	16 - Pidgey       	(40.7714432718, -73.97827382)
[2016-07-18 14:40:50]	127 - Pinsir       	(40.7715845584, -73.9781819914)
[2016-07-18 14:40:50]	127 - Pinsir       	(40.7739483199, -73.9768963862)
[2016-07-18 14:40:50]	127 - Pinsir       	(40.7738711594, -73.9768963862)
[2016-07-18 14:40:50]	127 - Pinsir       	(40.773859211, -73.9773555319)
[2016-07-18 14:40:50]	127 - Pinsir       	(40.7734092878, -73.9774473609)
[2016-07-18 14:41:12]	133 - Eevee       	(40.7725430487, -73.981671448)
[2016-07-18 14:41:35]	16 - Pidgey       	(40.7706269696, -73.981763275)
[2016-07-18 14:42:19]	19 - Rattata       	(40.7693020954, -73.981671448)
[2016-07-18 14:42:19]	19 - Rattata       	(40.7678890944, -73.9825897155)
[2016-07-18 14:42:19]	21 - Spearow       	(40.7680902904, -73.9802022109)
[2016-07-18 14:42:19]	16 - Pidgey       	(40.768334836, -73.9802940385)
[2016-07-18 14:42:42]	33 - Nidorino       	(40.7678566452, -73.9791002756)
[2016-07-18 14:42:42]	16 - Pidgey       	(40.7682283738, -73.9784574771)
[2016-07-18 14:42:42]	48 - Venonat       	(40.7679827493, -73.9778146765)
[2016-07-18 14:42:42]	47 - Parasect       	(40.7672382173, -73.9785493056)
[2016-07-18 14:42:42]	48 - Venonat       	(40.7675197364, -73.9778146765)
[2016-07-18 14:42:42]	127 - Pinsir       	(40.7687826659, -73.9791002756)
[2016-07-18 14:42:42]	16 - Pidgey       	(40.7687815906, -73.9785493056)
[2016-07-18 14:42:42]	133 - Eevee       	(40.7673784392, -73.9779065053)
[2016-07-18 14:42:42]	16 - Pidgey       	(40.768334836, -73.9802940385)
[2016-07-18 14:42:42]	41 - Zubat       	(40.769335878, -73.9791921038)
[2016-07-18 14:42:42]	48 - Venonat       	(40.7696325787, -73.979651244)
[2016-07-18 14:42:42]	16 - Pidgey       	(40.7693456829, -73.9776310188)
[2016-07-18 14:42:42]	21 - Spearow       	(40.7680902904, -73.9802022109)
[2016-07-18 14:43:05]	21 - Spearow       	(40.7657610721, -73.9795594161)
[2016-07-18 14:43:29]	19 - Rattata       	(40.7667163915, -73.9813959669)
[2016-07-18 14:43:29]	19 - Rattata       	(40.7654034121, -73.9808450035)
[2016-07-18 14:43:29]	133 - Eevee       	(40.7660458078, -73.9804776937)
[2016-07-18 14:43:53]	50 - Diglett       	(40.7621099152, -73.9804776937)
[2016-07-18 14:44:20]	10 - Caterpie       	(40.7618554565, -73.9819469287)
[2016-07-18 14:44:20]	23 - Ekans       	(40.7613902934, -73.9808450035)
[2016-07-18 14:44:20]	10 - Caterpie       	(40.76163696, -73.9820387555)
[2016-07-18 14:44:20]	120 - Staryu       	(40.7602445997, -73.9803858661)
[2016-07-18 14:44:20]	50 - Diglett       	(40.7621099152, -73.9804776937)
[2016-07-18 14:44:20]	58 - Growlithe       	(40.7612479237, -73.9803858661)
[2016-07-18 14:44:42]	43 - Oddish       	(40.7602424904, -73.9792839319)
[2016-07-18 14:44:42]	81 - Magnemite       	(40.7606121541, -73.9775391899)
[2016-07-18 14:44:42]	58 - Growlithe       	(40.7612479237, -73.9803858661)
[2016-07-18 14:44:42]	120 - Staryu       	(40.7602445997, -73.9803858661)
[2016-07-18 14:44:42]	10 - Caterpie       	(40.7598523392, -73.9770800446)
[2016-07-18 14:44:42]	32 - Nidoran M       	(40.7593261909, -73.9777228477)
[2016-07-18 14:44:42]	100 - Voltorb       	(40.7609078251, -73.9774473609)
[2016-07-18 14:45:07]	96 - Drowzee       	(40.7628654589, -73.9787329625)
[2016-07-18 14:45:07]	72 - Tentacool       	(40.7627339806, -73.9772637028)
[2016-07-18 14:45:07]	16 - Pidgey       	(40.763929648, -73.9769882154)
[2016-07-18 14:45:07]	19 - Rattata       	(40.7640970371, -73.9770800446)
[2016-07-18 14:45:07]	92 - Gastly       	(40.7632100725, -73.9773555319)
[2016-07-18 14:45:29]	16 - Pidgey       	(40.763929648, -73.9769882154)
[2016-07-18 14:45:29]	19 - Rattata       	(40.7640970371, -73.9770800446)
[2016-07-18 14:45:29]	92 - Gastly       	(40.7632100725, -73.9773555319)
[2016-07-18 14:45:29]	72 - Tentacool       	(40.7627339806, -73.9772637028)
[2016-07-18 14:45:29]	19 - Rattata       	(40.7612372323, -73.974876132)
[2016-07-18 14:46:20]	77 - Ponyta       	(40.7622491944, -73.9727640255)
[2016-07-18 14:46:20]	100 - Voltorb       	(40.7615307162, -73.9736823355)
[2016-07-18 14:46:20]	100 - Voltorb       	(40.7612730978, -73.9734986739)
[2016-07-18 14:46:42]	100 - Voltorb       	(40.7612730978, -73.9734986739)
[2016-07-18 14:46:42]	75 - Graveler       	(40.758889246, -73.9713865522)
[2016-07-18 14:46:42]	48 - Venonat       	(40.7584272688, -73.9719375427)
[2016-07-18 14:46:42]	147 - Dratini       	(40.7586359969, -73.973406843)
[2016-07-18 14:47:05]	104 - Cubone       	(40.7601730249, -73.9766208982)
[2016-07-18 14:47:05]	100 - Voltorb       	(40.7604013253, -73.9749679622)
[2016-07-18 14:47:05]	118 - Goldeen       	(40.7604556544, -73.9764372394)
[2016-07-18 14:47:05]	41 - Zubat       	(40.7595904104, -73.9746924715)
[2016-07-18 14:47:05]	10 - Caterpie       	(40.7598523392, -73.9770800446)
[2016-07-18 14:47:27]	100 - Voltorb       	(40.7578924496, -73.9746924715)
[2016-07-18 14:47:27]	41 - Zubat       	(40.7577793682, -73.9760699211)
[2016-07-18 14:47:27]	25 - Pikachu       	(40.7584881125, -73.9767127276)
[2016-07-18 14:47:27]	37 - Vulpix       	(40.7570488051, -73.9774473609)
[2016-07-18 14:48:39]	32 - Nidoran M       	(40.7577196005, -73.971845711)
[2016-07-18 14:48:39]	25 - Pikachu       	(40.758029418, -73.9723967002)
[2016-07-18 14:48:39]	147 - Dratini       	(40.7586359969, -73.973406843)
[2016-07-18 14:48:39]	39 - Jigglypuff       	(40.7583131411, -73.9727640255)
[2016-07-18 14:48:39]	100 - Voltorb       	(40.7584827242, -73.9739578277)
[2016-07-18 14:48:39]	48 - Venonat       	(40.7584272688, -73.9719375427)
[2016-07-18 14:49:02]	81 - Magnemite       	(40.7546996906, -73.973406843)
[2016-07-18 14:49:02]	20 - Raticate       	(40.7553932672, -73.9728558567)
[2016-07-18 14:49:02]	102 - Exeggcute       	(40.7535908309, -73.9721212058)
[2016-07-18 14:49:25]	111 - Rhyhorn       	(40.7560683047, -73.9759780915)
[2016-07-18 14:49:25]	81 - Magnemite       	(40.7559421516, -73.9772637028)
[2016-07-18 14:49:25]	104 - Cubone       	(40.75460392, -73.9770800446)
[2016-07-18 14:49:48]	118 - Goldeen       	(40.7556235439, -73.9788247908)
[2016-07-18 14:49:48]	104 - Cubone       	(40.75460392, -73.9770800446)
[2016-07-18 14:49:48]	41 - Zubat       	(40.7543645846, -73.9797430719)
[2016-07-18 14:49:48]	98 - Krabby       	(40.7548928978, -73.9802022109)
[2016-07-18 14:49:48]	100 - Voltorb       	(40.7565388219, -73.9798348998)
[2016-07-18 14:49:48]	81 - Magnemite       	(40.7559421516, -73.9772637028)
[2016-07-18 14:49:48]	37 - Vulpix       	(40.7570488051, -73.9774473609)
[2016-07-18 14:50:10]	81 - Magnemite       	(40.7576162265, -73.9781819914)
[2016-07-18 14:50:10]	54 - Psyduck       	(40.7577987829, -73.9794675881)
[2016-07-18 14:50:10]	23 - Ekans       	(40.7579792258, -73.979651244)
[2016-07-18 14:50:10]	100 - Voltorb       	(40.7583901608, -73.9792839319)
[2016-07-18 14:50:10]	37 - Vulpix       	(40.7570488051, -73.9774473609)
[2016-07-18 14:50:10]	78 - Rapidash       	(40.7592490109, -73.9777228477)
[2016-07-18 14:50:10]	25 - Pikachu       	(40.7584881125, -73.9767127276)
[2016-07-18 14:50:10]	79 - Slowpoke       	(40.7593945681, -73.9798348998)
[2016-07-18 14:50:10]	19 - Rattata       	(40.7587651334, -73.9802940385)
[2016-07-18 14:50:10]	140 - Kabuto       	(40.7581216021, -73.9801103832)
[2016-07-18 14:50:32]	100 - Voltorb       	(40.757905184, -73.9813041398)
[2016-07-18 14:50:32]	1 - Bulbasaur       	(40.7585758317, -73.9822224091)
[2016-07-18 14:50:32]	48 - Venonat       	(40.7591802486, -73.9821305823)
[2016-07-18 14:50:32]	23 - Ekans       	(40.7579792258, -73.979651244)
[2016-07-18 14:50:32]	140 - Kabuto       	(40.7581216021, -73.9801103832)
[2016-07-18 14:50:32]	21 - Spearow       	(40.7581607174, -73.9803858661)
[2016-07-18 14:50:32]	79 - Slowpoke       	(40.7593945681, -73.9798348998)
[2016-07-18 14:50:32]	19 - Rattata       	(40.7587651334, -73.9802940385)
[2016-07-18 14:50:32]	116 - Horsea       	(40.7577789681, -73.9825897155)
[2016-07-18 14:50:54]	41 - Zubat       	(40.75544832, -73.9813959669)
[2016-07-18 14:50:54]	100 - Voltorb       	(40.7562472858, -73.9821305823)
[2016-07-18 14:50:54]	16 - Pidgey       	(40.755409208, -73.9811204854)
[2016-07-18 14:50:54]	28 - Sandslash       	(40.7570702431, -73.9819469287)
[2016-07-18 14:50:54]	100 - Voltorb       	(40.7565388219, -73.9798348998)
[2016-07-18 14:50:54]	81 - Magnemite       	(40.7550243129, -73.981671448)
[2016-07-18 14:50:54]	98 - Krabby       	(40.7548928978, -73.9802022109)
[2016-07-18 14:50:54]	100 - Voltorb       	(40.7550253463, -73.9822224091)
[2016-07-18 14:50:54]	100 - Voltorb       	(40.7552449008, -73.982681542)
[2016-07-18 14:50:54]	16 - Pidgey       	(40.7550644551, -73.982497889)
[2016-07-18 14:51:18]	7 - Squirtle       	(40.7541502121, -73.9820387555)
[2016-07-18 14:51:18]	41 - Zubat       	(40.7533402475, -73.9823142357)
[2016-07-18 14:51:18]	41 - Zubat       	(40.7538936048, -73.9824060624)
[2016-07-18 14:51:18]	118 - Goldeen       	(40.7535066321, -73.9818551019)
[2016-07-18 14:51:18]	81 - Magnemite       	(40.7550243129, -73.981671448)
[2016-07-18 14:51:18]	100 - Voltorb       	(40.7550253463, -73.9822224091)
[2016-07-18 14:51:18]	16 - Pidgey       	(40.7550644551, -73.982497889)
[2016-07-18 14:51:18]	41 - Zubat       	(40.7543645846, -73.9797430719)
[2016-07-18 14:51:18]	98 - Krabby       	(40.7548928978, -73.9802022109)
[2016-07-18 14:51:18]	41 - Zubat       	(40.7525141419, -73.9808450035)
[2016-07-18 14:51:18]	41 - Zubat       	(40.7522444939, -73.9811204854)
[2016-07-18 14:51:18]	29 - Nidoran F       	(40.7521031504, -73.9812123126)
[2016-07-18 14:51:40]	41 - Zubat       	(40.7516279992, -73.981671448)
[2016-07-18 14:51:40]	29 - Nidoran F       	(40.7521031504, -73.9812123126)
[2016-07-18 14:51:40]	42 - Golbat       	(40.7500841545, -73.981671448)
[2016-07-18 14:51:40]	35 - Clefairy       	(40.7499136371, -73.9799267276)
[2016-07-18 14:51:40]	41 - Zubat       	(40.7525141419, -73.9808450035)
[2016-07-18 14:51:40]	98 - Krabby       	(40.7512519807, -73.9801103832)
[2016-07-18 14:51:40]	41 - Zubat       	(40.7522444939, -73.9811204854)
[2016-07-18 14:52:06]	13 - Weedle       	(40.751221725, -73.9777228477)
[2016-07-18 14:52:06]	41 - Zubat       	(40.7513249962, -73.9779065053)
[2016-07-18 14:52:06]	98 - Krabby       	(40.7512519807, -73.9801103832)
[2016-07-18 14:52:06]	41 - Zubat       	(40.7517250374, -73.9785493056)
[2016-07-18 14:52:06]	35 - Clefairy       	(40.7499136371, -73.9799267276)
[2016-07-18 14:52:06]	41 - Zubat       	(40.7502693476, -73.9775391899)
[2016-07-18 14:52:28]	16 - Pidgey       	(40.7530883668, -73.9783656486)
[2016-07-18 14:52:28]	60 - Poliwag       	(40.7525110215, -73.9791921038)
[2016-07-18 14:52:28]	41 - Zubat       	(40.7543645846, -73.9797430719)
[2016-07-18 14:52:50]	41 - Zubat       	(40.7519404093, -73.9768045569)
[2016-07-18 14:52:50]	21 - Spearow       	(40.7529907025, -73.9744169804)
[2016-07-18 14:53:24]	19 - Rattata       	(40.7520470854, -73.9721212058)
[2016-07-18 14:53:24]	21 - Spearow       	(40.7529907025, -73.9744169804)
[2016-07-18 14:53:24]	19 - Rattata       	(40.753165761, -73.971845711)
[2016-07-18 14:53:24]	13 - Weedle       	(40.7513262953, -73.9719375427)
[2016-07-18 14:53:24]	41 - Zubat       	(40.7509914461, -73.9717538793)
[2016-07-18 14:53:46]	72 - Tentacool       	(40.7500944887, -73.9735905047)
[2016-07-18 14:53:46]	84 - Doduo       	(40.7497303075, -73.9715702158)
[2016-07-18 14:53:46]	84 - Doduo       	(40.7505206464, -73.9744169804)
[2016-07-18 14:53:46]	13 - Weedle       	(40.7513262953, -73.9719375427)
[2016-07-18 14:53:46]	41 - Zubat       	(40.7509914461, -73.9717538793)
[2016-07-18 14:53:46]	13 - Weedle       	(40.7490627542, -73.9723048688)
[2016-07-18 14:54:23]	41 - Zubat       	(40.7502933227, -73.9766208982)
[2016-07-18 14:54:23]	13 - Weedle       	(40.750111798, -73.9758862618)
[2016-07-18 14:54:23]	69 - Bellsprout       	(40.7503303309, -73.975794432)
[2016-07-18 14:54:23]	21 - Spearow       	(40.7506510756, -73.9753352826)
[2016-07-18 14:54:23]	60 - Poliwag       	(40.7500617471, -73.9766208982)
[2016-07-18 14:54:23]	84 - Doduo       	(40.7505206464, -73.9744169804)
[2016-07-18 14:54:44]	60 - Poliwag       	(40.7466140831, -73.9768045569)
[2016-07-18 14:54:44]	98 - Krabby       	(40.7483581942, -73.973865997)
[2016-07-18 14:55:07]	98 - Krabby       	(40.7483581942, -73.973865997)
[2016-07-18 14:55:07]	98 - Krabby       	(40.7461424173, -73.9723967002)
[2016-07-18 14:55:29]	84 - Doduo       	(40.7443549015, -73.9728558567)
[2016-07-18 14:55:29]	84 - Doduo       	(40.7444842769, -73.973223181)
[2016-07-18 14:55:29]	13 - Weedle       	(40.7447158723, -73.973223181)
[2016-07-18 14:55:29]	127 - Pinsir       	(40.745309497, -73.9741414889)
[2016-07-18 14:55:29]	98 - Krabby       	(40.7461424173, -73.9723967002)
[2016-07-18 14:55:52]	127 - Pinsir       	(40.745309497, -73.9741414889)
[2016-07-18 14:56:14]	92 - Gastly       	(40.747081433, -73.9790084474)
[2016-07-18 14:56:14]	10 - Caterpie       	(40.7470042364, -73.9790084474)
[2016-07-18 14:56:14]	16 - Pidgey       	(40.7469901589, -73.9783656486)
[2016-07-18 14:56:37]	21 - Spearow       	(40.7483807213, -73.9789166191)
[2016-07-18 14:56:37]	16 - Pidgey       	(40.7469901589, -73.9783656486)
[2016-07-18 14:56:37]	41 - Zubat       	(40.7482795222, -73.9798348998)
[2016-07-18 14:56:37]	41 - Zubat       	(40.7491657036, -73.9790084474)
[2016-07-18 14:56:37]	41 - Zubat       	(40.7493612791, -73.9803858661)
[2016-07-18 14:56:37]	92 - Gastly       	(40.747081433, -73.9790084474)
[2016-07-18 14:56:37]	10 - Caterpie       	(40.7470042364, -73.9790084474)
[2016-07-18 14:57:10]	16 - Pidgey       	(40.7488891795, -73.982497889)
[2016-07-18 14:57:10]	41 - Zubat       	(40.7482795222, -73.9798348998)
[2016-07-18 14:57:10]	41 - Zubat       	(40.7493612791, -73.9803858661)
[2016-07-18 14:57:32]	16 - Pidgey       	(40.7464168487, -73.9813959669)
[2016-07-18 14:57:54]	16 - Pidgey       	(40.7443846088, -73.981763275)
[2016-07-18 14:57:54]	41 - Zubat       	(40.7437930707, -73.9819469287)
[2016-07-18 14:57:54]	13 - Weedle       	(40.7436787849, -73.9827733685)
[2016-07-18 14:57:54]	16 - Pidgey       	(40.7427503322, -73.981671448)
[2016-07-18 14:57:54]	16 - Pidgey       	(40.7423382436, -73.981487794)
[2016-07-18 14:58:16]	41 - Zubat       	(40.7434400412, -73.9789166191)
[2016-07-18 14:58:16]	17 - Pidgeotto       	(40.7429627602, -73.97827382)
[2016-07-18 14:58:16]	41 - Zubat       	(40.7418678506, -73.9776310188)
[2016-07-18 14:58:16]	29 - Nidoran F       	(40.7424123905, -73.9798348998)
[2016-07-18 14:58:16]	19 - Rattata       	(40.742243921, -73.9791921038)
[2016-07-18 14:58:16]	16 - Pidgey       	(40.7422068564, -73.9800185554)
[2016-07-18 14:58:16]	19 - Rattata       	(40.742077502, -73.979651244)
[2016-07-18 14:58:37]	29 - Nidoran F       	(40.7424123905, -73.9798348998)
[2016-07-18 14:58:37]	19 - Rattata       	(40.742243921, -73.9791921038)
[2016-07-18 14:58:37]	16 - Pidgey       	(40.7422068564, -73.9800185554)
[2016-07-18 14:58:37]	19 - Rattata       	(40.7416273177, -73.9797430719)
[2016-07-18 14:58:37]	19 - Rattata       	(40.742077502, -73.979651244)
[2016-07-18 14:58:37]	41 - Zubat       	(40.7418678506, -73.9776310188)
[2016-07-18 14:58:37]	48 - Venonat       	(40.7395767561, -73.9772637028)
[2016-07-18 14:58:37]	19 - Rattata       	(40.7401813619, -73.9771718737)
[2016-07-18 14:58:59]	16 - Pidgey       	(40.7421968726, -73.981579621)
[2016-07-18 14:58:59]	48 - Venonat       	(40.7409114749, -73.9823142357)
[2016-07-18 14:58:59]	16 - Pidgey       	(40.7422068564, -73.9800185554)
[2016-07-18 14:58:59]	19 - Rattata       	(40.7416273177, -73.9797430719)
[2016-07-18 14:58:59]	16 - Pidgey       	(40.7423382436, -73.981487794)
[2016-07-18 14:58:59]	16 - Pidgey       	(40.7427503322, -73.981671448)
[2016-07-18 14:58:59]	10 - Caterpie       	(40.740615687, -73.9824060624)
[2016-07-18 14:58:59]	19 - Rattata       	(40.7405645512, -73.9825897155)
[2016-07-18 14:59:20]	16 - Pidgey       	(40.7394816438, -73.981487794)
[2016-07-18 14:59:20]	19 - Rattata       	(40.7391106512, -73.982681542)
[2016-07-18 14:59:20]	48 - Venonat       	(40.7397774361, -73.9813959669)
[2016-07-18 14:59:20]	19 - Rattata       	(40.7380156915, -73.9820387555)
[2016-07-18 14:59:43]	133 - Eevee       	(40.7357625396, -73.9813959669)
[2016-07-18 14:59:43]	16 - Pidgey       	(40.7364855171, -73.982681542)
[2016-07-18 14:59:43]	19 - Rattata       	(40.7369868909, -73.9824060624)
[2016-07-18 14:59:43]	27 - Sandshrew       	(40.7357133963, -73.982681542)
[2016-07-18 14:59:43]	19 - Rattata       	(40.7357855907, -73.9799267276)
[2016-07-18 15:00:05]	19 - Rattata       	(40.7357855907, -73.9799267276)
[2016-07-18 15:00:05]	16 - Pidgey       	(40.7347516848, -73.9775391899)
[2016-07-18 15:00:05]	21 - Spearow       	(40.7350344554, -73.9773555319)
[2016-07-18 15:00:26]	133 - Eevee       	(40.7378802514, -73.9783656486)
[2016-07-18 15:00:26]	21 - Spearow       	(40.7390122917, -73.9781819914)
[2016-07-18 15:00:26]	133 - Eevee       	(40.7393362067, -73.97937576)
[2016-07-18 15:00:26]	19 - Rattata       	(40.7391176233, -73.9794675881)
[2016-07-18 15:00:26]	84 - Doduo       	(40.7386622819, -73.9768045569)
[2016-07-18 15:00:48]	16 - Pidgey       	(40.7377597975, -73.9758862618)
[2016-07-18 15:00:48]	16 - Pidgey       	(40.7388527021, -73.9754271125)
[2016-07-18 15:00:48]	126 - Magmar       	(40.7377728386, -73.9759780915)
[2016-07-18 15:00:48]	10 - Caterpie       	(40.7384797091, -73.9755189425)
[2016-07-18 15:00:48]	41 - Zubat       	(40.7376565069, -73.9757026022)
[2016-07-18 15:00:48]	19 - Rattata       	(40.7395235583, -73.9763454099)
[2016-07-18 15:00:48]	84 - Doduo       	(40.7386622819, -73.9768045569)
[2016-07-18 15:00:48]	29 - Nidoran F       	(40.7370127546, -73.9755189425)
[2016-07-18 15:00:48]	48 - Venonat       	(40.7365625394, -73.9756107724)
[2016-07-18 15:01:11]	16 - Pidgey       	(40.7352238766, -73.9754271125)
[2016-07-18 15:01:11]	66 - Machop       	(40.7360220688, -73.9756107724)
[2016-07-18 15:01:11]	19 - Rattata       	(40.7346703525, -73.9753352826)
[2016-07-18 15:01:11]	48 - Venonat       	(40.7365625394, -73.9756107724)
[2016-07-18 15:01:11]	21 - Spearow       	(40.7350344554, -73.9773555319)
[2016-07-18 15:01:11]	129 - Magikarp       	(40.7346171463, -73.9744169804)
[2016-07-18 15:01:11]	129 - Magikarp       	(40.7355175983, -73.9742333194)
[2016-07-18 15:01:32]	129 - Magikarp       	(40.7355175983, -73.9742333194)
[2016-07-18 15:01:32]	129 - Magikarp       	(40.7346171463, -73.9744169804)
[2016-07-18 15:01:53]	129 - Magikarp       	(40.7380112192, -73.9727640255)
[2016-07-18 15:02:14]	129 - Magikarp       	(40.7393237252, -73.9727640255)
[2016-07-18 15:02:42]	19 - Rattata       	(40.7396258062, -73.9759780915)
[2016-07-18 15:02:42]	84 - Doduo       	(40.7397911703, -73.9749679622)
[2016-07-18 15:02:42]	109 - Koffing       	(40.7399346283, -73.9759780915)
[2016-07-18 15:02:42]	19 - Rattata       	(40.7399075015, -73.9752434526)
[2016-07-18 15:02:42]	19 - Rattata       	(40.7395235583, -73.9763454099)
[2016-07-18 15:02:42]	19 - Rattata       	(40.7399367054, -73.9770800446)
[2016-07-18 15:02:42]	84 - Doduo       	(40.7411459013, -73.9768963862)
[2016-07-18 15:03:03]	16 - Pidgey       	(40.7434838634, -73.974876132)
[2016-07-18 15:03:03]	92 - Gastly       	(40.7433936205, -73.9747843018)
[2016-07-18 15:03:03]	16 - Pidgey       	(40.7429726856, -73.9767127276)
[2016-07-18 15:03:24]	60 - Poliwag       	(40.7417931791, -73.9722130373)
[2016-07-18 15:03:24]	129 - Magikarp       	(40.7423205453, -73.9721212058)
[2016-07-18 15:03:24]	17 - Pidgeotto       	(40.7434274422, -73.9723048688)
[2016-07-18 15:07:57]	100 - Voltorb       	(40.7325957049, -73.9607337595)
[2016-07-18 15:07:57]	13 - Weedle       	(40.7332156228, -73.9618357998)
[2016-07-18 15:07:57]	60 - Poliwag       	(40.732662091, -73.9617439633)
[2016-07-18 15:07:57]	129 - Magikarp       	(40.7325979332, -73.9618357998)
[2016-07-18 15:07:57]	100 - Voltorb       	(40.7325695951, -73.9605500855)
[2016-07-18 15:07:57]	81 - Magnemite       	(40.7346009168, -73.9596317128)
[2016-07-18 15:08:19]	81 - Magnemite       	(40.7346009168, -73.9596317128)
[2016-07-18 15:10:09]	118 - Goldeen       	(40.7686510125, -73.9711110563)
[2016-07-18 15:10:09]	98 - Krabby       	(40.7695661866, -73.9721212058)
[2016-07-18 15:10:09]	19 - Rattata       	(40.7696563983, -73.9722130373)
[2016-07-18 15:10:09]	41 - Zubat       	(40.7703139673, -73.9730395189)
[2016-07-18 15:10:09]	60 - Poliwag       	(40.7696672093, -73.9712028883)
[2016-07-18 15:10:09]	127 - Pinsir       	(40.7704910407, -73.9715702158)
[2016-07-18 15:10:09]	11 - Metapod       	(40.7705052062, -73.9722130373)
[2016-07-18 15:10:32]	29 - Nidoran F       	(40.7720223675, -73.9720293743)
[2016-07-18 15:10:32]	16 - Pidgey       	(40.7720637394, -73.973406843)
[2016-07-18 15:10:32]	19 - Rattata       	(40.7721539471, -73.9734986739)
[2016-07-18 15:10:32]	127 - Pinsir       	(40.77301129, -73.9713865522)
[2016-07-18 15:10:32]	127 - Pinsir       	(40.7730515553, -73.9722130373)
[2016-07-18 15:10:32]	19 - Rattata       	(40.7722527299, -73.971478384)
[2016-07-18 15:10:32]	127 - Pinsir       	(40.7728319987, -73.9717538793)
[2016-07-18 15:10:32]	127 - Pinsir       	(40.7730288132, -73.9736823355)
[2016-07-18 15:10:32]	19 - Rattata       	(40.7726690988, -73.973865997)
[2016-07-18 15:10:55]	16 - Pidgey       	(40.772941931, -73.9752434526)
[2016-07-18 15:10:55]	10 - Caterpie       	(40.7726224411, -73.9762535804)
[2016-07-18 15:10:55]	21 - Spearow       	(40.7732636194, -73.9753352826)
[2016-07-18 15:10:55]	19 - Rattata       	(40.7729832601, -73.9766208982)
[2016-07-18 15:10:55]	19 - Rattata       	(40.7737157417, -73.9763454099)
[2016-07-18 15:10:55]	69 - Bellsprout       	(40.7730484731, -73.9770800446)
[2016-07-18 15:10:55]	19 - Rattata       	(40.7736396776, -73.9768963862)
[2016-07-18 15:10:55]	19 - Rattata       	(40.7725213818, -73.9771718737)
[2016-07-18 15:11:18]	133 - Eevee       	(40.7699075722, -73.9756107724)
[2016-07-18 15:11:18]	19 - Rattata       	(40.7709259454, -73.9768045569)
[2016-07-18 15:11:18]	127 - Pinsir       	(40.7710552791, -73.9771718737)
[2016-07-18 15:11:18]	19 - Rattata       	(40.7689815798, -73.9756107724)
[2016-07-18 15:11:18]	13 - Weedle       	(40.7685805071, -73.9744169804)
[2016-07-18 15:11:41]	16 - Pidgey       	(40.7704270896, -73.9781819914)
[2016-07-18 15:11:41]	29 - Nidoran F       	(40.7702999199, -73.9789166191)
[2016-07-18 15:11:41]	133 - Eevee       	(40.7702749155, -73.9792839319)
[2016-07-18 15:11:41]	127 - Pinsir       	(40.7692185128, -73.9783656486)
[2016-07-18 15:11:41]	69 - Bellsprout       	(40.7696554309, -73.9781819914)
[2016-07-18 15:11:41]	21 - Spearow       	(40.7691913494, -73.9776310188)
[2016-07-18 15:11:41]	19 - Rattata       	(40.7700705699, -73.9800185554)
[2016-07-18 15:11:41]	19 - Rattata       	(40.7697347522, -73.9792839319)
[2016-07-18 15:11:41]	21 - Spearow       	(40.7696977766, -73.9801103832)
[2016-07-18 15:11:41]	19 - Rattata       	(40.7709259454, -73.9768045569)
[2016-07-18 15:11:41]	127 - Pinsir       	(40.7711204889, -73.9776310188)
[2016-07-18 15:11:41]	127 - Pinsir       	(40.7710552791, -73.9771718737)
[2016-07-18 15:12:03]	39 - Jigglypuff       	(40.7723713958, -73.97937576)
[2016-07-18 15:12:03]	43 - Oddish       	(40.7737342335, -73.9791921038)
[2016-07-18 15:12:03]	18 - Pidgeot       	(40.7726007207, -73.97827382)
[2016-07-18 15:12:03]	129 - Magikarp       	(40.7734647089, -73.9794675881)
[2016-07-18 15:12:03]	16 - Pidgey       	(40.7728843721, -73.9786411341)
[2016-07-18 15:12:03]	19 - Rattata       	(40.7725213818, -73.9771718737)
[2016-07-18 15:12:03]	69 - Bellsprout       	(40.7730484731, -73.9770800446)
[2016-07-18 15:12:03]	19 - Rattata       	(40.7736396776, -73.9768963862)
[2016-07-18 15:12:03]	21 - Spearow       	(40.7722942327, -73.97937576)
[2016-07-18 15:12:48]	19 - Rattata       	(40.7715800901, -73.982497889)
[2016-07-18 15:12:48]	19 - Rattata       	(40.7693901759, -73.9806613487)
[2016-07-18 15:12:48]	19 - Rattata       	(40.7700705699, -73.9800185554)
[2016-07-18 15:12:48]	21 - Spearow       	(40.7696977766, -73.9801103832)
[2016-07-18 15:13:15]	19 - Rattata       	(40.7682326542, -73.9806613487)
[2016-07-18 15:13:15]	118 - Goldeen       	(40.7691879293, -73.982497889)
[2016-07-18 15:13:15]	21 - Spearow       	(40.7675881569, -73.9799267276)
[2016-07-18 15:13:15]	19 - Rattata       	(40.7693901759, -73.9806613487)
[2016-07-18 15:13:15]	21 - Spearow       	(40.7696977766, -73.9801103832)
[2016-07-18 15:13:38]	19 - Rattata       	(40.7672132095, -73.9789166191)
[2016-07-18 15:13:38]	19 - Rattata       	(40.7679055808, -73.9778146765)
[2016-07-18 15:13:38]	127 - Pinsir       	(40.7678805769, -73.9781819914)
[2016-07-18 15:13:38]	16 - Pidgey       	(40.7673284276, -73.9786411341)
[2016-07-18 15:13:38]	127 - Pinsir       	(40.7692185128, -73.9783656486)
[2016-07-18 15:13:38]	127 - Pinsir       	(40.7688565977, -73.9774473609)
[2016-07-18 15:13:38]	133 - Eevee       	(40.7684577183, -73.9773555319)
[2016-07-18 15:13:38]	13 - Weedle       	(40.7667480399, -73.9778146765)
[2016-07-18 15:13:38]	14 - Kakuna       	(40.7674284449, -73.9771718737)
[2016-07-18 15:13:38]	116 - Horsea       	(40.7671980176, -73.9777228477)
[2016-07-18 15:13:38]	21 - Spearow       	(40.7675881569, -73.9799267276)
[2016-07-18 15:13:38]	16 - Pidgey       	(40.7668284289, -73.9794675881)
[2016-07-18 15:14:01]	29 - Nidoran F       	(40.7664795559, -73.9786411341)
[2016-07-18 15:14:01]	16 - Pidgey       	(40.7668284289, -73.9794675881)
[2016-07-18 15:14:01]	60 - Poliwag       	(40.7658523473, -73.9802022109)
[2016-07-18 15:14:01]	13 - Weedle       	(40.7667480399, -73.9778146765)
[2016-07-18 15:14:01]	16 - Pidgey       	(40.7646633326, -73.9772637028)
[2016-07-18 15:14:01]	19 - Rattata       	(40.7643948387, -73.9780901628)
[2016-07-18 15:14:25]	120 - Staryu       	(40.766755505, -73.981671448)
[2016-07-18 15:14:25]	60 - Poliwag       	(40.7658523473, -73.9802022109)
[2016-07-18 15:14:25]	16 - Pidgey       	(40.7654414692, -73.9805695212)
[2016-07-18 15:14:48]	81 - Magnemite       	(40.7639261791, -73.9818551019)
[2016-07-18 15:14:48]	100 - Voltorb       	(40.7627184864, -73.9825897155)
[2016-07-18 15:15:16]	41 - Zubat       	(40.7607348009, -73.9811204854)
[2016-07-18 15:15:16]	43 - Oddish       	(40.7615065854, -73.9811204854)
[2016-07-18 15:15:16]	58 - Growlithe       	(40.7609152341, -73.9813041398)
[2016-07-18 15:15:16]	100 - Voltorb       	(40.7624598374, -73.9818551019)
[2016-07-18 15:15:16]	98 - Krabby       	(40.7601455267, -73.9824060624)
[2016-07-18 15:15:16]	61 - Poliwhirl       	(40.7597564942, -73.9807531761)
[2016-07-18 15:15:38]	13 - Weedle       	(40.7605740988, -73.9778146765)
[2016-07-18 15:15:38]	41 - Zubat       	(40.7600609926, -73.9785493056)
[2016-07-18 15:15:38]	100 - Voltorb       	(40.7600088312, -73.9781819914)
[2016-07-18 15:15:38]	104 - Cubone       	(40.7607556015, -73.9785493056)
[2016-07-18 15:15:38]	46 - Paras       	(40.7602382336, -73.9770800446)
[2016-07-18 15:15:59]	63 - Abra       	(40.7636002187, -73.9795594161)
[2016-07-18 15:15:59]	54 - Psyduck       	(40.7627741756, -73.9780901628)
[2016-07-18 15:15:59]	100 - Voltorb       	(40.7640209391, -73.9776310188)
[2016-07-18 15:16:21]	81 - Magnemite       	(40.761522018, -73.975794432)
[2016-07-18 15:16:21]	100 - Voltorb       	(40.7617665902, -73.9758862618)
[2016-07-18 15:16:42]	19 - Rattata       	(40.762363304, -73.9719375427)
[2016-07-18 15:16:42]	13 - Weedle       	(40.762337211, -73.9717538793)
[2016-07-18 15:16:42]	41 - Zubat       	(40.762276382, -73.9734986739)
[2016-07-18 15:16:42]	23 - Ekans       	(40.7623524604, -73.9729476878)
[2016-07-18 15:16:42]	100 - Voltorb       	(40.7612730978, -73.9734986739)
[2016-07-18 15:16:42]	58 - Growlithe       	(40.7612611449, -73.9739578277)
[2016-07-18 15:17:04]	100 - Voltorb       	(40.7612730978, -73.9734986739)
[2016-07-18 15:17:04]	58 - Growlithe       	(40.7612611449, -73.9739578277)
[2016-07-18 15:17:04]	100 - Voltorb       	(40.761068748, -73.9742333194)
[2016-07-18 15:17:26]	58 - Growlithe       	(40.7612611449, -73.9739578277)
[2016-07-18 15:17:26]	100 - Voltorb       	(40.761068748, -73.9742333194)
[2016-07-18 15:17:26]	81 - Magnemite       	(40.761522018, -73.975794432)
[2016-07-18 15:17:26]	46 - Paras       	(40.7602382336, -73.9770800446)
[2016-07-18 15:17:49]	46 - Paras       	(40.7574815343, -73.9750597924)
[2016-07-18 15:17:49]	58 - Growlithe       	(40.7580218044, -73.9750597924)
[2016-07-18 15:17:49]	16 - Pidgey       	(40.7570053985, -73.9749679622)
[2016-07-18 15:17:49]	52 - Meowth       	(40.7579685486, -73.9741414889)
[2016-07-18 15:17:49]	100 - Voltorb       	(40.7577370054, -73.9741414889)
[2016-07-18 15:18:34]	13 - Weedle       	(40.7575543799, -73.9728558567)
[2016-07-18 15:18:34]	52 - Meowth       	(40.7579685486, -73.9741414889)
[2016-07-18 15:18:34]	100 - Voltorb       	(40.7577370054, -73.9741414889)
[2016-07-18 15:18:34]	100 - Voltorb       	(40.7574869602, -73.9712947203)
[2016-07-18 15:18:34]	81 - Magnemite       	(40.7566260146, -73.9717538793)
[2016-07-18 15:18:34]	16 - Pidgey       	(40.756406418, -73.9712947203)
[2016-07-18 15:19:05]	98 - Krabby       	(40.7555324086, -73.9716620476)
[2016-07-18 15:19:05]	23 - Ekans       	(40.7537191116, -73.9719375427)
[2016-07-18 15:19:41]	129 - Magikarp       	(40.7556171716, -73.9755189425)
[2016-07-18 15:19:41]	41 - Zubat       	(40.755850862, -73.9766208982)
[2016-07-18 15:19:41]	16 - Pidgey       	(40.7555942897, -73.9769882154)
[2016-07-18 15:20:04]	32 - Nidoran M       	(40.7554050274, -73.9789166191)
[2016-07-18 15:20:04]	81 - Magnemite       	(40.7557408969, -73.979651244)
[2016-07-18 15:20:04]	120 - Staryu       	(40.7555082917, -73.9791002756)
[2016-07-18 15:20:04]	104 - Cubone       	(40.7562389087, -73.9777228477)
[2016-07-18 15:20:04]	16 - Pidgey       	(40.7555942897, -73.9769882154)
[2016-07-18 15:20:04]	41 - Zubat       	(40.7570019254, -73.9798348998)
[2016-07-18 15:20:28]	10 - Caterpie       	(40.7579661868, -73.9795594161)
[2016-07-18 15:20:28]	100 - Voltorb       	(40.7578738537, -73.9783656486)
[2016-07-18 15:20:28]	10 - Caterpie       	(40.7587239094, -73.9789166191)
[2016-07-18 15:20:28]	100 - Voltorb       	(40.7571510062, -73.9770800446)
[2016-07-18 15:20:28]	41 - Zubat       	(40.7570019254, -73.9798348998)
[2016-07-18 15:20:28]	69 - Bellsprout       	(40.7572856302, -73.9802022109)
[2016-07-18 15:20:52]	81 - Magnemite       	(40.758562795, -73.9821305823)
[2016-07-18 15:20:52]	54 - Psyduck       	(40.759012849, -73.9820387555)
[2016-07-18 15:20:52]	81 - Magnemite       	(40.7577388214, -73.981763275)
[2016-07-18 15:20:52]	98 - Krabby       	(40.7581127372, -73.9822224091)
[2016-07-18 15:20:52]	16 - Pidgey       	(40.7573779395, -73.9813959669)
[2016-07-18 15:20:52]	69 - Bellsprout       	(40.7572856302, -73.9802022109)
[2016-07-18 15:20:52]	13 - Weedle       	(40.7592542967, -73.9804776937)
[2016-07-18 15:20:52]	129 - Magikarp       	(40.7577528954, -73.9824060624)
[2016-07-18 15:20:52]	100 - Voltorb       	(40.7578822237, -73.9827733685)
